<?xml version="1.0" encoding="UTF-8"?>
<!-- Generated by org.testng.reporters.JUnitXMLReporter -->
<testsuite ignored="0" hostname="LAPTOP-B42SM0L4" failures="0" tests="3" name="Default test" time="3.037" errors="0" timestamp="2020-12-06T03:15:08 MYT">
  <testcase classname="test.b_OAuth2_AutomatedUsingGrantType_ClientCredentials" name="accessTokenGenerator" time="2.1"/>
  <testcase classname="test.b_OAuth2_AutomatedUsingGrantType_ClientCredentials" name="validScenarioUsingAccessToken" time="0.593"/>
  <testcase classname="test.b_OAuth2_AutomatedUsingGrantType_ClientCredentials" name="invalidScenarioUsingAccessToken" time="0.313"/>
</testsuite> <!-- Default test -->
