<?xml version="1.0" encoding="UTF-8"?>
<testng-results ignored="0" total="3" passed="3" failed="0" skipped="0">
  <reporter-output>
  </reporter-output>
  <suite started-at="2020-12-06T03:15:05 MYT" name="Default suite" finished-at="2020-12-06T03:15:08 MYT" duration-ms="3037">
    <groups>
    </groups>
    <test started-at="2020-12-06T03:15:05 MYT" name="Default test" finished-at="2020-12-06T03:15:08 MYT" duration-ms="3037">
      <class name="test.b_OAuth2_AutomatedUsingGrantType_ClientCredentials">
        <test-method signature="accessTokenGenerator()[pri:1, instance:test.b_OAuth2_AutomatedUsingGrantType_ClientCredentials@7193666c]" started-at="2020-12-06T03:15:05 MYT" name="accessTokenGenerator" finished-at="2020-12-06T03:15:07 MYT" duration-ms="2100" status="PASS">
          <reporter-output>
          </reporter-output>
        </test-method> <!-- accessTokenGenerator -->
        <test-method signature="validScenarioUsingAccessToken()[pri:2, instance:test.b_OAuth2_AutomatedUsingGrantType_ClientCredentials@7193666c]" started-at="2020-12-06T03:15:07 MYT" name="validScenarioUsingAccessToken" finished-at="2020-12-06T03:15:08 MYT" duration-ms="593" status="PASS">
          <reporter-output>
          </reporter-output>
        </test-method> <!-- validScenarioUsingAccessToken -->
        <test-method signature="invalidScenarioUsingAccessToken()[pri:3, instance:test.b_OAuth2_AutomatedUsingGrantType_ClientCredentials@7193666c]" started-at="2020-12-06T03:15:08 MYT" name="invalidScenarioUsingAccessToken" finished-at="2020-12-06T03:15:08 MYT" duration-ms="313" status="PASS">
          <reporter-output>
          </reporter-output>
        </test-method> <!-- invalidScenarioUsingAccessToken -->
      </class> <!-- test.b_OAuth2_AutomatedUsingGrantType_ClientCredentials -->
    </test> <!-- Default test -->
  </suite> <!-- Default suite -->
</testng-results>
